app/build/intermediates/manifest_merge_blame_file/debug/processDebugMainManifest/manifest-merger-blame-debug-report.txt
1<?xml version="1.0" encoding="utf-8"?>
2<manifest xmlns:android="http://schemas.android.com/apk/res/android"
3    package="com.example.smscallcapture"
4    android:versionCode="1"
5    android:versionName="1.0" >
6
7    <uses-sdk
8        android:minSdkVersion="21"
9        android:targetSdkVersion="34" />
10
11    <uses-permission android:name="android.permission.RECEIVE_SMS" />
11-->src/main/AndroidManifest.xml:5:5-70
11-->src/main/AndroidManifest.xml:5:22-67
12    <uses-permission android:name="android.permission.READ_SMS" />
12-->src/main/AndroidManifest.xml:6:5-67
12-->src/main/AndroidManifest.xml:6:22-64
13    <uses-permission android:name="android.permission.READ_CALL_LOG" />
13-->src/main/AndroidManifest.xml:7:5-72
13-->src/main/AndroidManifest.xml:7:22-69
14    <uses-permission android:name="android.permission.READ_PHONE_STATE" />
14-->src/main/AndroidManifest.xml:8:5-75
14-->src/main/AndroidManifest.xml:8:22-72
15    <uses-permission android:name="android.permission.INTERNET" />
15-->src/main/AndroidManifest.xml:9:5-67
15-->src/main/AndroidManifest.xml:9:22-64
16    <uses-permission android:name="android.permission.FOREGROUND_SERVICE" />
16-->src/main/AndroidManifest.xml:10:5-77
16-->src/main/AndroidManifest.xml:10:22-74
17    <uses-permission android:name="android.permission.FOREGROUND_SERVICE_DATA_SYNC" />
17-->src/main/AndroidManifest.xml:11:5-87
17-->src/main/AndroidManifest.xml:11:22-84
18    <uses-permission android:name="android.permission.FOREGROUND_SERVICE_PHONE_CALL" />
18-->src/main/AndroidManifest.xml:12:5-88
18-->src/main/AndroidManifest.xml:12:22-85
19    <uses-permission android:name="android.permission.CAMERA" />
19-->src/main/AndroidManifest.xml:13:5-65
19-->src/main/AndroidManifest.xml:13:22-62
20    <uses-permission android:name="android.permission.WAKE_LOCK" />
20-->src/main/AndroidManifest.xml:14:5-68
20-->src/main/AndroidManifest.xml:14:22-65
21    <uses-permission android:name="android.permission.ACCESS_NETWORK_STATE" />
21-->[androidx.work:work-runtime:2.9.0] AndroidManifest.xml:24:5-79
21-->[androidx.work:work-runtime:2.9.0] AndroidManifest.xml:24:22-76
22    <uses-permission android:name="android.permission.RECEIVE_BOOT_COMPLETED" />
22-->[androidx.work:work-runtime:2.9.0] AndroidManifest.xml:25:5-81
22-->[androidx.work:work-runtime:2.9.0] AndroidManifest.xml:25:22-78
23
24    <permission
24-->[androidx.core:core:1.12.0] AndroidManifest.xml:22:5-24:47
25        android:name="com.example.smscallcapture.DYNAMIC_RECEIVER_NOT_EXPORTED_PERMISSION"
25-->[androidx.core:core:1.12.0] AndroidManifest.xml:23:9-81
26        android:protectionLevel="signature" />
26-->[androidx.core:core:1.12.0] AndroidManifest.xml:24:9-44
27
28    <uses-permission android:name="com.example.smscallcapture.DYNAMIC_RECEIVER_NOT_EXPORTED_PERMISSION" /> <!-- Don't require camera, as this requires a rear camera. This allows it to work on the Nexus 7 -->
28-->[androidx.core:core:1.12.0] AndroidManifest.xml:26:5-97
28-->[androidx.core:core:1.12.0] AndroidManifest.xml:26:22-94
29    <uses-feature
29-->[com.journeyapps:zxing-android-embedded:4.3.0] AndroidManifest.xml:25:5-27:36
30        android:name="android.hardware.camera"
30-->[com.journeyapps:zxing-android-embedded:4.3.0] AndroidManifest.xml:26:9-47
31        android:required="false" />
31-->[com.journeyapps:zxing-android-embedded:4.3.0] AndroidManifest.xml:27:9-33
32    <uses-feature
32-->[com.journeyapps:zxing-android-embedded:4.3.0] AndroidManifest.xml:28:5-30:36
33        android:name="android.hardware.camera.front"
33-->[com.journeyapps:zxing-android-embedded:4.3.0] AndroidManifest.xml:29:9-53
34        android:required="false" /> <!-- TODO replace above two with next line after Android 4.2 -->
34-->[com.journeyapps:zxing-android-embedded:4.3.0] AndroidManifest.xml:30:9-33
35    <!-- <uses-feature android:name="android.hardware.camera.any"/> -->
36    <uses-feature
36-->[com.journeyapps:zxing-android-embedded:4.3.0] AndroidManifest.xml:33:5-35:36
37        android:name="android.hardware.camera.autofocus"
37-->[com.journeyapps:zxing-android-embedded:4.3.0] AndroidManifest.xml:34:9-57
38        android:required="false" />
38-->[com.journeyapps:zxing-android-embedded:4.3.0] AndroidManifest.xml:35:9-33
39    <uses-feature
39-->[com.journeyapps:zxing-android-embedded:4.3.0] AndroidManifest.xml:36:5-38:36
40        android:name="android.hardware.camera.flash"
40-->[com.journeyapps:zxing-android-embedded:4.3.0] AndroidManifest.xml:37:9-53
41        android:required="false" />
41-->[com.journeyapps:zxing-android-embedded:4.3.0] AndroidManifest.xml:38:9-33
42    <uses-feature
42-->[com.journeyapps:zxing-android-embedded:4.3.0] AndroidManifest.xml:39:5-41:36
43        android:name="android.hardware.screen.landscape"
43-->[com.journeyapps:zxing-android-embedded:4.3.0] AndroidManifest.xml:40:9-57
44        android:required="false" />
44-->[com.journeyapps:zxing-android-embedded:4.3.0] AndroidManifest.xml:41:9-33
45    <uses-feature
45-->[com.journeyapps:zxing-android-embedded:4.3.0] AndroidManifest.xml:42:5-44:36
46        android:name="android.hardware.wifi"
46-->[com.journeyapps:zxing-android-embedded:4.3.0] AndroidManifest.xml:43:9-45
47        android:required="false" />
47-->[com.journeyapps:zxing-android-embedded:4.3.0] AndroidManifest.xml:44:9-33
48
49    <application
49-->src/main/AndroidManifest.xml:16:5-78:19
50        android:name="com.example.smscallcapture.SmsCallApplication"
50-->src/main/AndroidManifest.xml:17:9-43
51        android:allowBackup="true"
51-->src/main/AndroidManifest.xml:18:9-35
52        android:appComponentFactory="androidx.core.app.CoreComponentFactory"
52-->[androidx.core:core:1.12.0] AndroidManifest.xml:28:18-86
53        android:debuggable="true"
54        android:extractNativeLibs="true"
55        android:icon="@mipmap/ic_launcher"
55-->src/main/AndroidManifest.xml:19:9-43
56        android:label="@string/app_name"
56-->src/main/AndroidManifest.xml:20:9-41
57        android:theme="@style/Theme.SmsCallCapture" >
57-->src/main/AndroidManifest.xml:21:9-52
58        <activity
58-->src/main/AndroidManifest.xml:24:9-32:20
59            android:name="com.example.smscallcapture.ui.activities.SplashActivity"
59-->src/main/AndroidManifest.xml:25:13-57
60            android:exported="true"
60-->src/main/AndroidManifest.xml:26:13-36
61            android:theme="@style/Theme.SmsCallCapture.NoActionBar" >
61-->src/main/AndroidManifest.xml:27:13-68
62            <intent-filter>
62-->src/main/AndroidManifest.xml:28:13-31:29
63                <action android:name="android.intent.action.MAIN" />
63-->src/main/AndroidManifest.xml:29:17-69
63-->src/main/AndroidManifest.xml:29:25-66
64
65                <category android:name="android.intent.category.LAUNCHER" />
65-->src/main/AndroidManifest.xml:30:17-77
65-->src/main/AndroidManifest.xml:30:27-74
66            </intent-filter>
67        </activity>
68        <activity
68-->src/main/AndroidManifest.xml:34:9-36:40
69            android:name="com.example.smscallcapture.ui.activities.MainActivity"
69-->src/main/AndroidManifest.xml:35:13-55
70            android:exported="false" />
70-->src/main/AndroidManifest.xml:36:13-37
71        <activity
71-->src/main/AndroidManifest.xml:38:9-41:72
72            android:name="com.example.smscallcapture.ui.activities.SettingsActivity"
72-->src/main/AndroidManifest.xml:39:13-59
73            android:exported="false"
73-->src/main/AndroidManifest.xml:40:13-37
74            android:parentActivityName="com.example.smscallcapture.ui.activities.MainActivity" />
74-->src/main/AndroidManifest.xml:41:13-69
75        <activity
75-->src/main/AndroidManifest.xml:43:9-46:72
76            android:name="com.example.smscallcapture.ui.activities.QRScannerActivity"
76-->src/main/AndroidManifest.xml:44:13-60
77            android:exported="false"
77-->src/main/AndroidManifest.xml:45:13-37
78            android:parentActivityName="com.example.smscallcapture.ui.activities.MainActivity" />
78-->src/main/AndroidManifest.xml:46:13-69
79        <activity
79-->src/main/AndroidManifest.xml:48:9-52:70
80            android:name="com.example.smscallcapture.ui.activities.CustomCaptureActivity"
80-->src/main/AndroidManifest.xml:49:13-64
81            android:exported="false"
81-->src/main/AndroidManifest.xml:51:13-37
82            android:screenOrientation="portrait"
82-->src/main/AndroidManifest.xml:50:13-49
83            android:theme="@style/Theme.SmsCallCapture.NoActionBar" />
83-->src/main/AndroidManifest.xml:52:13-68
84        <activity
84-->src/main/AndroidManifest.xml:54:9-57:72
85            android:name="com.example.smscallcapture.ui.activities.LicenseActivity"
85-->src/main/AndroidManifest.xml:55:13-58
86            android:exported="false"
86-->src/main/AndroidManifest.xml:56:13-37
87            android:parentActivityName="com.example.smscallcapture.ui.activities.MainActivity" />
87-->src/main/AndroidManifest.xml:57:13-69
88        <activity
88-->src/main/AndroidManifest.xml:59:9-62:72
89            android:name="com.example.smscallcapture.ui.activities.SupportActivity"
89-->src/main/AndroidManifest.xml:60:13-58
90            android:exported="false"
90-->src/main/AndroidManifest.xml:61:13-37
91            android:parentActivityName="com.example.smscallcapture.ui.activities.MainActivity" />
91-->src/main/AndroidManifest.xml:62:13-69
92
93        <receiver
93-->src/main/AndroidManifest.xml:64:9-71:20
94            android:name="com.example.smscallcapture.receivers.SmsReceiver"
94-->src/main/AndroidManifest.xml:65:13-50
95            android:exported="true"
95-->src/main/AndroidManifest.xml:66:13-36
96            android:permission="android.permission.BROADCAST_SMS" >
96-->src/main/AndroidManifest.xml:67:13-66
97            <intent-filter android:priority="1000" >
97-->src/main/AndroidManifest.xml:68:13-70:29
97-->src/main/AndroidManifest.xml:68:28-51
98                <action android:name="android.provider.Telephony.SMS_RECEIVED" />
98-->src/main/AndroidManifest.xml:69:17-82
98-->src/main/AndroidManifest.xml:69:25-79
99            </intent-filter>
100        </receiver>
101
102        <service
102-->src/main/AndroidManifest.xml:73:9-76:66
103            android:name="com.example.smscallcapture.services.SyncService"
103-->src/main/AndroidManifest.xml:74:13-49
104            android:exported="false"
104-->src/main/AndroidManifest.xml:75:13-37
105            android:foregroundServiceType="dataSync|phoneCall" />
105-->src/main/AndroidManifest.xml:76:13-63
106
107        <provider
107-->[androidx.emoji2:emoji2:1.2.0] AndroidManifest.xml:24:9-32:20
108            android:name="androidx.startup.InitializationProvider"
108-->[androidx.emoji2:emoji2:1.2.0] AndroidManifest.xml:25:13-67
109            android:authorities="com.example.smscallcapture.androidx-startup"
109-->[androidx.emoji2:emoji2:1.2.0] AndroidManifest.xml:26:13-68
110            android:exported="false" >
110-->[androidx.emoji2:emoji2:1.2.0] AndroidManifest.xml:27:13-37
111            <meta-data
111-->[androidx.emoji2:emoji2:1.2.0] AndroidManifest.xml:29:13-31:52
112                android:name="androidx.emoji2.text.EmojiCompatInitializer"
112-->[androidx.emoji2:emoji2:1.2.0] AndroidManifest.xml:30:17-75
113                android:value="androidx.startup" />
113-->[androidx.emoji2:emoji2:1.2.0] AndroidManifest.xml:31:17-49
114            <meta-data
114-->[androidx.work:work-runtime:2.9.0] AndroidManifest.xml:34:13-36:52
115                android:name="androidx.work.WorkManagerInitializer"
115-->[androidx.work:work-runtime:2.9.0] AndroidManifest.xml:35:17-68
116                android:value="androidx.startup" />
116-->[androidx.work:work-runtime:2.9.0] AndroidManifest.xml:36:17-49
117            <meta-data
117-->[androidx.lifecycle:lifecycle-process:2.7.0] AndroidManifest.xml:29:13-31:52
118                android:name="androidx.lifecycle.ProcessLifecycleInitializer"
118-->[androidx.lifecycle:lifecycle-process:2.7.0] AndroidManifest.xml:30:17-78
119                android:value="androidx.startup" />
119-->[androidx.lifecycle:lifecycle-process:2.7.0] AndroidManifest.xml:31:17-49
120            <meta-data
120-->[androidx.profileinstaller:profileinstaller:1.3.0] AndroidManifest.xml:29:13-31:52
121                android:name="androidx.profileinstaller.ProfileInstallerInitializer"
121-->[androidx.profileinstaller:profileinstaller:1.3.0] AndroidManifest.xml:30:17-85
122                android:value="androidx.startup" />
122-->[androidx.profileinstaller:profileinstaller:1.3.0] AndroidManifest.xml:31:17-49
123        </provider>
124
125        <service
125-->[androidx.work:work-runtime:2.9.0] AndroidManifest.xml:39:9-45:35
126            android:name="androidx.work.impl.background.systemalarm.SystemAlarmService"
126-->[androidx.work:work-runtime:2.9.0] AndroidManifest.xml:40:13-88
127            android:directBootAware="false"
127-->[androidx.work:work-runtime:2.9.0] AndroidManifest.xml:41:13-44
128            android:enabled="@bool/enable_system_alarm_service_default"
128-->[androidx.work:work-runtime:2.9.0] AndroidManifest.xml:42:13-72
129            android:exported="false" />
129-->[androidx.work:work-runtime:2.9.0] AndroidManifest.xml:43:13-37
130        <service
130-->[androidx.work:work-runtime:2.9.0] AndroidManifest.xml:46:9-52:35
131            android:name="androidx.work.impl.background.systemjob.SystemJobService"
131-->[androidx.work:work-runtime:2.9.0] AndroidManifest.xml:47:13-84
132            android:directBootAware="false"
132-->[androidx.work:work-runtime:2.9.0] AndroidManifest.xml:48:13-44
133            android:enabled="@bool/enable_system_job_service_default"
133-->[androidx.work:work-runtime:2.9.0] AndroidManifest.xml:49:13-70
134            android:exported="true"
134-->[androidx.work:work-runtime:2.9.0] AndroidManifest.xml:50:13-36
135            android:permission="android.permission.BIND_JOB_SERVICE" />
135-->[androidx.work:work-runtime:2.9.0] AndroidManifest.xml:51:13-69
136        <service
136-->[androidx.work:work-runtime:2.9.0] AndroidManifest.xml:53:9-59:35
137            android:name="androidx.work.impl.foreground.SystemForegroundService"
137-->[androidx.work:work-runtime:2.9.0] AndroidManifest.xml:54:13-81
138            android:directBootAware="false"
138-->[androidx.work:work-runtime:2.9.0] AndroidManifest.xml:55:13-44
139            android:enabled="@bool/enable_system_foreground_service_default"
139-->[androidx.work:work-runtime:2.9.0] AndroidManifest.xml:56:13-77
140            android:exported="false" />
140-->[androidx.work:work-runtime:2.9.0] AndroidManifest.xml:57:13-37
141
142        <receiver
142-->[androidx.work:work-runtime:2.9.0] AndroidManifest.xml:61:9-66:35
143            android:name="androidx.work.impl.utils.ForceStopRunnable$BroadcastReceiver"
143-->[androidx.work:work-runtime:2.9.0] AndroidManifest.xml:62:13-88
144            android:directBootAware="false"
144-->[androidx.work:work-runtime:2.9.0] AndroidManifest.xml:63:13-44
145            android:enabled="true"
145-->[androidx.work:work-runtime:2.9.0] AndroidManifest.xml:64:13-35
146            android:exported="false" />
146-->[androidx.work:work-runtime:2.9.0] AndroidManifest.xml:65:13-37
147        <receiver
147-->[androidx.work:work-runtime:2.9.0] AndroidManifest.xml:67:9-77:20
148            android:name="androidx.work.impl.background.systemalarm.ConstraintProxy$BatteryChargingProxy"
148-->[androidx.work:work-runtime:2.9.0] AndroidManifest.xml:68:13-106
149            android:directBootAware="false"
149-->[androidx.work:work-runtime:2.9.0] AndroidManifest.xml:69:13-44
150            android:enabled="false"
150-->[androidx.work:work-runtime:2.9.0] AndroidManifest.xml:70:13-36
151            android:exported="false" >
151-->[androidx.work:work-runtime:2.9.0] AndroidManifest.xml:71:13-37
152            <intent-filter>
152-->[androidx.work:work-runtime:2.9.0] AndroidManifest.xml:73:13-76:29
153                <action android:name="android.intent.action.ACTION_POWER_CONNECTED" />
153-->[androidx.work:work-runtime:2.9.0] AndroidManifest.xml:74:17-87
153-->[androidx.work:work-runtime:2.9.0] AndroidManifest.xml:74:25-84
154                <action android:name="android.intent.action.ACTION_POWER_DISCONNECTED" />
154-->[androidx.work:work-runtime:2.9.0] AndroidManifest.xml:75:17-90
154-->[androidx.work:work-runtime:2.9.0] AndroidManifest.xml:75:25-87
155            </intent-filter>
156        </receiver>
157        <receiver
157-->[androidx.work:work-runtime:2.9.0] AndroidManifest.xml:78:9-88:20
158            android:name="androidx.work.impl.background.systemalarm.ConstraintProxy$BatteryNotLowProxy"
158-->[androidx.work:work-runtime:2.9.0] AndroidManifest.xml:79:13-104
159            android:directBootAware="false"
159-->[androidx.work:work-runtime:2.9.0] AndroidManifest.xml:80:13-44
160            android:enabled="false"
160-->[androidx.work:work-runtime:2.9.0] AndroidManifest.xml:81:13-36
161            android:exported="false" >
161-->[androidx.work:work-runtime:2.9.0] AndroidManifest.xml:82:13-37
162            <intent-filter>
162-->[androidx.work:work-runtime:2.9.0] AndroidManifest.xml:84:13-87:29
163                <action android:name="android.intent.action.BATTERY_OKAY" />
163-->[androidx.work:work-runtime:2.9.0] AndroidManifest.xml:85:17-77
163-->[androidx.work:work-runtime:2.9.0] AndroidManifest.xml:85:25-74
164                <action android:name="android.intent.action.BATTERY_LOW" />
164-->[androidx.work:work-runtime:2.9.0] AndroidManifest.xml:86:17-76
164-->[androidx.work:work-runtime:2.9.0] AndroidManifest.xml:86:25-73
165            </intent-filter>
166        </receiver>
167        <receiver
167-->[androidx.work:work-runtime:2.9.0] AndroidManifest.xml:89:9-99:20
168            android:name="androidx.work.impl.background.systemalarm.ConstraintProxy$StorageNotLowProxy"
168-->[androidx.work:work-runtime:2.9.0] AndroidManifest.xml:90:13-104
169            android:directBootAware="false"
169-->[androidx.work:work-runtime:2.9.0] AndroidManifest.xml:91:13-44
170            android:enabled="false"
170-->[androidx.work:work-runtime:2.9.0] AndroidManifest.xml:92:13-36
171            android:exported="false" >
171-->[androidx.work:work-runtime:2.9.0] AndroidManifest.xml:93:13-37
172            <intent-filter>
172-->[androidx.work:work-runtime:2.9.0] AndroidManifest.xml:95:13-98:29
173                <action android:name="android.intent.action.DEVICE_STORAGE_LOW" />
173-->[androidx.work:work-runtime:2.9.0] AndroidManifest.xml:96:17-83
173-->[androidx.work:work-runtime:2.9.0] AndroidManifest.xml:96:25-80
174                <action android:name="android.intent.action.DEVICE_STORAGE_OK" />
174-->[androidx.work:work-runtime:2.9.0] AndroidManifest.xml:97:17-82
174-->[androidx.work:work-runtime:2.9.0] AndroidManifest.xml:97:25-79
175            </intent-filter>
176        </receiver>
177        <receiver
177-->[androidx.work:work-runtime:2.9.0] AndroidManifest.xml:100:9-109:20
178            android:name="androidx.work.impl.background.systemalarm.ConstraintProxy$NetworkStateProxy"
178-->[androidx.work:work-runtime:2.9.0] AndroidManifest.xml:101:13-103
179            android:directBootAware="false"
179-->[androidx.work:work-runtime:2.9.0] AndroidManifest.xml:102:13-44
180            android:enabled="false"
180-->[androidx.work:work-runtime:2.9.0] AndroidManifest.xml:103:13-36
181            android:exported="false" >
181-->[androidx.work:work-runtime:2.9.0] AndroidManifest.xml:104:13-37
182            <intent-filter>
182-->[androidx.work:work-runtime:2.9.0] AndroidManifest.xml:106:13-108:29
183                <action android:name="android.net.conn.CONNECTIVITY_CHANGE" />
183-->[androidx.work:work-runtime:2.9.0] AndroidManifest.xml:107:17-79
183-->[androidx.work:work-runtime:2.9.0] AndroidManifest.xml:107:25-76
184            </intent-filter>
185        </receiver>
186        <receiver
186-->[androidx.work:work-runtime:2.9.0] AndroidManifest.xml:110:9-121:20
187            android:name="androidx.work.impl.background.systemalarm.RescheduleReceiver"
187-->[androidx.work:work-runtime:2.9.0] AndroidManifest.xml:111:13-88
188            android:directBootAware="false"
188-->[androidx.work:work-runtime:2.9.0] AndroidManifest.xml:112:13-44
189            android:enabled="false"
189-->[androidx.work:work-runtime:2.9.0] AndroidManifest.xml:113:13-36
190            android:exported="false" >
190-->[androidx.work:work-runtime:2.9.0] AndroidManifest.xml:114:13-37
191            <intent-filter>
191-->[androidx.work:work-runtime:2.9.0] AndroidManifest.xml:116:13-120:29
192                <action android:name="android.intent.action.BOOT_COMPLETED" />
192-->[androidx.work:work-runtime:2.9.0] AndroidManifest.xml:117:17-79
192-->[androidx.work:work-runtime:2.9.0] AndroidManifest.xml:117:25-76
193                <action android:name="android.intent.action.TIME_SET" />
193-->[androidx.work:work-runtime:2.9.0] AndroidManifest.xml:118:17-73
193-->[androidx.work:work-runtime:2.9.0] AndroidManifest.xml:118:25-70
194                <action android:name="android.intent.action.TIMEZONE_CHANGED" />
194-->[androidx.work:work-runtime:2.9.0] AndroidManifest.xml:119:17-81
194-->[androidx.work:work-runtime:2.9.0] AndroidManifest.xml:119:25-78
195            </intent-filter>
196        </receiver>
197        <receiver
197-->[androidx.work:work-runtime:2.9.0] AndroidManifest.xml:122:9-131:20
198            android:name="androidx.work.impl.background.systemalarm.ConstraintProxyUpdateReceiver"
198-->[androidx.work:work-runtime:2.9.0] AndroidManifest.xml:123:13-99
199            android:directBootAware="false"
199-->[androidx.work:work-runtime:2.9.0] AndroidManifest.xml:124:13-44
200            android:enabled="@bool/enable_system_alarm_service_default"
200-->[androidx.work:work-runtime:2.9.0] AndroidManifest.xml:125:13-72
201            android:exported="false" >
201-->[androidx.work:work-runtime:2.9.0] AndroidManifest.xml:126:13-37
202            <intent-filter>
202-->[androidx.work:work-runtime:2.9.0] AndroidManifest.xml:128:13-130:29
203                <action android:name="androidx.work.impl.background.systemalarm.UpdateProxies" />
203-->[androidx.work:work-runtime:2.9.0] AndroidManifest.xml:129:17-98
203-->[androidx.work:work-runtime:2.9.0] AndroidManifest.xml:129:25-95
204            </intent-filter>
205        </receiver>
206        <receiver
206-->[androidx.work:work-runtime:2.9.0] AndroidManifest.xml:132:9-142:20
207            android:name="androidx.work.impl.diagnostics.DiagnosticsReceiver"
207-->[androidx.work:work-runtime:2.9.0] AndroidManifest.xml:133:13-78
208            android:directBootAware="false"
208-->[androidx.work:work-runtime:2.9.0] AndroidManifest.xml:134:13-44
209            android:enabled="true"
209-->[androidx.work:work-runtime:2.9.0] AndroidManifest.xml:135:13-35
210            android:exported="true"
210-->[androidx.work:work-runtime:2.9.0] AndroidManifest.xml:136:13-36
211            android:permission="android.permission.DUMP" >
211-->[androidx.work:work-runtime:2.9.0] AndroidManifest.xml:137:13-57
212            <intent-filter>
212-->[androidx.work:work-runtime:2.9.0] AndroidManifest.xml:139:13-141:29
213                <action android:name="androidx.work.diagnostics.REQUEST_DIAGNOSTICS" />
213-->[androidx.work:work-runtime:2.9.0] AndroidManifest.xml:140:17-88
213-->[androidx.work:work-runtime:2.9.0] AndroidManifest.xml:140:25-85
214            </intent-filter>
215        </receiver>
216
217        <uses-library
217-->[androidx.window:window:1.0.0] AndroidManifest.xml:25:9-27:40
218            android:name="androidx.window.extensions"
218-->[androidx.window:window:1.0.0] AndroidManifest.xml:26:13-54
219            android:required="false" />
219-->[androidx.window:window:1.0.0] AndroidManifest.xml:27:13-37
220        <uses-library
220-->[androidx.window:window:1.0.0] AndroidManifest.xml:28:9-30:40
221            android:name="androidx.window.sidecar"
221-->[androidx.window:window:1.0.0] AndroidManifest.xml:29:13-51
222            android:required="false" />
222-->[androidx.window:window:1.0.0] AndroidManifest.xml:30:13-37
223
224        <service
224-->[androidx.room:room-runtime:2.6.0] AndroidManifest.xml:24:9-28:63
225            android:name="androidx.room.MultiInstanceInvalidationService"
225-->[androidx.room:room-runtime:2.6.0] AndroidManifest.xml:25:13-74
226            android:directBootAware="true"
226-->[androidx.room:room-runtime:2.6.0] AndroidManifest.xml:26:13-43
227            android:exported="false" />
227-->[androidx.room:room-runtime:2.6.0] AndroidManifest.xml:27:13-37
228
229        <receiver
229-->[androidx.profileinstaller:profileinstaller:1.3.0] AndroidManifest.xml:34:9-52:20
230            android:name="androidx.profileinstaller.ProfileInstallReceiver"
230-->[androidx.profileinstaller:profileinstaller:1.3.0] AndroidManifest.xml:35:13-76
231            android:directBootAware="false"
231-->[androidx.profileinstaller:profileinstaller:1.3.0] AndroidManifest.xml:36:13-44
232            android:enabled="true"
232-->[androidx.profileinstaller:profileinstaller:1.3.0] AndroidManifest.xml:37:13-35
233            android:exported="true"
233-->[androidx.profileinstaller:profileinstaller:1.3.0] AndroidManifest.xml:38:13-36
234            android:permission="android.permission.DUMP" >
234-->[androidx.profileinstaller:profileinstaller:1.3.0] AndroidManifest.xml:39:13-57
235            <intent-filter>
235-->[androidx.profileinstaller:profileinstaller:1.3.0] AndroidManifest.xml:40:13-42:29
236                <action android:name="androidx.profileinstaller.action.INSTALL_PROFILE" />
236-->[androidx.profileinstaller:profileinstaller:1.3.0] AndroidManifest.xml:41:17-91
236-->[androidx.profileinstaller:profileinstaller:1.3.0] AndroidManifest.xml:41:25-88
237            </intent-filter>
238            <intent-filter>
238-->[androidx.profileinstaller:profileinstaller:1.3.0] AndroidManifest.xml:43:13-45:29
239                <action android:name="androidx.profileinstaller.action.SKIP_FILE" />
239-->[androidx.profileinstaller:profileinstaller:1.3.0] AndroidManifest.xml:44:17-85
239-->[androidx.profileinstaller:profileinstaller:1.3.0] AndroidManifest.xml:44:25-82
240            </intent-filter>
241            <intent-filter>
241-->[androidx.profileinstaller:profileinstaller:1.3.0] AndroidManifest.xml:46:13-48:29
242                <action android:name="androidx.profileinstaller.action.SAVE_PROFILE" />
242-->[androidx.profileinstaller:profileinstaller:1.3.0] AndroidManifest.xml:47:17-88
242-->[androidx.profileinstaller:profileinstaller:1.3.0] AndroidManifest.xml:47:25-85
243            </intent-filter>
244            <intent-filter>
244-->[androidx.profileinstaller:profileinstaller:1.3.0] AndroidManifest.xml:49:13-51:29
245                <action android:name="androidx.profileinstaller.action.BENCHMARK_OPERATION" />
245-->[androidx.profileinstaller:profileinstaller:1.3.0] AndroidManifest.xml:50:17-95
245-->[androidx.profileinstaller:profileinstaller:1.3.0] AndroidManifest.xml:50:25-92
246            </intent-filter>
247        </receiver>
248
249        <activity
249-->[com.journeyapps:zxing-android-embedded:4.3.0] AndroidManifest.xml:47:9-53:63
250            android:name="com.journeyapps.barcodescanner.CaptureActivity"
250-->[com.journeyapps:zxing-android-embedded:4.3.0] AndroidManifest.xml:48:13-74
251            android:clearTaskOnLaunch="true"
251-->[com.journeyapps:zxing-android-embedded:4.3.0] AndroidManifest.xml:49:13-45
252            android:screenOrientation="sensorLandscape"
252-->[com.journeyapps:zxing-android-embedded:4.3.0] AndroidManifest.xml:50:13-56
253            android:stateNotNeeded="true"
253-->[com.journeyapps:zxing-android-embedded:4.3.0] AndroidManifest.xml:51:13-42
254            android:theme="@style/zxing_CaptureTheme"
254-->[com.journeyapps:zxing-android-embedded:4.3.0] AndroidManifest.xml:52:13-54
255            android:windowSoftInputMode="stateAlwaysHidden" />
255-->[com.journeyapps:zxing-android-embedded:4.3.0] AndroidManifest.xml:53:13-60
256    </application>
257
258</manifest>